<?xml version="1.0" encoding="UTF-8"?>
<coverage generated="1662321630425" clover="3.2.0">
  <project timestamp="1662321630425" name="All files">
    <metrics statements="5" coveredstatements="5" conditionals="4" coveredconditionals="3" methods="1" coveredmethods="1" elements="10" coveredelements="9" complexity="0" loc="5" ncloc="5" packages="2" files="4" classes="4"/>
    <package name="cypress.support">
      <metrics statements="2" coveredstatements="2" conditionals="0" coveredconditionals="0" methods="0" coveredmethods="0"/>
      <file name="commands.ts" path="/Users/sebastianangelone/Documents/eurotrade_woo/cypress/support/commands.ts">
        <metrics statements="1" coveredstatements="1" conditionals="0" coveredconditionals="0" methods="0" coveredmethods="0"/>
        <line num="41" count="2" type="stmt"/>
      </file>
      <file name="component.ts" path="/Users/sebastianangelone/Documents/eurotrade_woo/cypress/support/component.ts">
        <metrics statements="1" coveredstatements="1" conditionals="0" coveredconditionals="0" methods="0" coveredmethods="0"/>
        <line num="37" count="2" type="stmt"/>
      </file>
    </package>
    <package name="packages.ecommerce-ui.Price">
      <metrics statements="3" coveredstatements="3" conditionals="4" coveredconditionals="3" methods="1" coveredmethods="1"/>
      <file name="index.tsx" path="/Users/sebastianangelone/Documents/eurotrade_woo/packages/ecommerce-ui/Price/index.tsx">
        <metrics statements="2" coveredstatements="2" conditionals="4" coveredconditionals="3" methods="1" coveredmethods="1"/>
        <line num="11" count="2" type="stmt"/>
        <line num="17" count="2" type="stmt"/>
      </file>
      <file name="styles.ts" path="/Users/sebastianangelone/Documents/eurotrade_woo/packages/ecommerce-ui/Price/styles.ts">
        <metrics statements="1" coveredstatements="1" conditionals="0" coveredconditionals="0" methods="0" coveredmethods="0"/>
        <line num="3" count="2" type="stmt"/>
      </file>
    </package>
  </project>
</coverage>
