<?xml version="1.0" encoding="UTF-8"?>
<coverage generated="1662321762826" clover="3.2.0">
  <project timestamp="1662321762826" name="All files">
    <metrics statements="7" coveredstatements="7" conditionals="0" coveredconditionals="0" methods="1" coveredmethods="1" elements="8" coveredelements="8" complexity="0" loc="7" ncloc="7" packages="2" files="4" classes="4"/>
    <package name="cypress.support">
      <metrics statements="2" coveredstatements="2" conditionals="0" coveredconditionals="0" methods="0" coveredmethods="0"/>
      <file name="commands.ts" path="/Users/sebastianangelone/Documents/eurotrade_woo/cypress/support/commands.ts">
        <metrics statements="1" coveredstatements="1" conditionals="0" coveredconditionals="0" methods="0" coveredmethods="0"/>
        <line num="41" count="2" type="stmt"/>
      </file>
      <file name="component.ts" path="/Users/sebastianangelone/Documents/eurotrade_woo/cypress/support/component.ts">
        <metrics statements="1" coveredstatements="1" conditionals="0" coveredconditionals="0" methods="0" coveredmethods="0"/>
        <line num="37" count="2" type="stmt"/>
      </file>
    </package>
    <package name="packages.ecommerce-ui.ProductDetail">
      <metrics statements="5" coveredstatements="5" conditionals="0" coveredconditionals="0" methods="1" coveredmethods="1"/>
      <file name="index.tsx" path="/Users/sebastianangelone/Documents/eurotrade_woo/packages/ecommerce-ui/ProductDetail/index.tsx">
        <metrics statements="4" coveredstatements="4" conditionals="0" coveredconditionals="0" methods="1" coveredmethods="1"/>
        <line num="31" count="2" type="stmt"/>
        <line num="32" count="2" type="stmt"/>
        <line num="37" count="2" type="stmt"/>
        <line num="38" count="2" type="stmt"/>
      </file>
      <file name="styles.ts" path="/Users/sebastianangelone/Documents/eurotrade_woo/packages/ecommerce-ui/ProductDetail/styles.ts">
        <metrics statements="1" coveredstatements="1" conditionals="0" coveredconditionals="0" methods="0" coveredmethods="0"/>
        <line num="4" count="2" type="stmt"/>
      </file>
    </package>
  </project>
</coverage>
